{"C:\\Users\\cww\\Desktop\\nodejs\\nodejs-demo\\service\\fibonacci.js":{"path":"C:\\Users\\cww\\Desktop\\nodejs\\nodejs-demo\\service\\fibonacci.js","s":{"1":1,"2":182,"3":1,"4":181,"5":1,"6":180,"7":1,"8":179,"9":35,"10":144,"11":56,"12":88,"13":88,"14":1,"15":0,"16":0,"17":0,"18":1},"b":{"1":[1,181],"2":[1,180],"3":[1,179],"4":[35,144],"5":[56,88],"6":[88,0],"7":[0,1]},"f":{"1":182},"fnMap":{"1":{"name":"fibonacci","line":8,"loc":{"start":{"line":8,"column":0},"end":{"line":8,"column":21}}}},"statementMap":{"1":{"start":{"line":8,"column":0},"end":{"line":17,"column":1}},"2":{"start":{"line":9,"column":4},"end":{"line":9,"column":57}},"3":{"start":{"line":9,"column":17},"end":{"line":9,"column":56}},"4":{"start":{"line":10,"column":4},"end":{"line":10,"column":45}},"5":{"start":{"line":10,"column":12},"end":{"line":10,"column":44}},"6":{"start":{"line":11,"column":4},"end":{"line":11,"column":47}},"7":{"start":{"line":11,"column":13},"end":{"line":11,"column":46}},"8":{"start":{"line":12,"column":4},"end":{"line":12,"column":23}},"9":{"start":{"line":12,"column":13},"end":{"line":12,"column":22}},"10":{"start":{"line":13,"column":4},"end":{"line":13,"column":23}},"11":{"start":{"line":13,"column":13},"end":{"line":13,"column":22}},"12":{"start":{"line":14,"column":4},"end":{"line":16,"column":5}},"13":{"start":{"line":15,"column":8},"end":{"line":15,"column":45}},"14":{"start":{"line":19,"column":0},"end":{"line":24,"column":1}},"15":{"start":{"line":20,"column":4},"end":{"line":20,"column":36}},"16":{"start":{"line":21,"column":4},"end":{"line":21,"column":19}},"17":{"start":{"line":22,"column":4},"end":{"line":22,"column":30}},"18":{"start":{"line":25,"column":0},"end":{"line":25,"column":27}}},"branchMap":{"1":{"line":9,"type":"if","locations":[{"start":{"line":9,"column":4},"end":{"line":9,"column":4}},{"start":{"line":9,"column":4},"end":{"line":9,"column":4}}]},"2":{"line":10,"type":"if","locations":[{"start":{"line":10,"column":4},"end":{"line":10,"column":4}},{"start":{"line":10,"column":4},"end":{"line":10,"column":4}}]},"3":{"line":11,"type":"if","locations":[{"start":{"line":11,"column":4},"end":{"line":11,"column":4}},{"start":{"line":11,"column":4},"end":{"line":11,"column":4}}]},"4":{"line":12,"type":"if","locations":[{"start":{"line":12,"column":4},"end":{"line":12,"column":4}},{"start":{"line":12,"column":4},"end":{"line":12,"column":4}}]},"5":{"line":13,"type":"if","locations":[{"start":{"line":13,"column":4},"end":{"line":13,"column":4}},{"start":{"line":13,"column":4},"end":{"line":13,"column":4}}]},"6":{"line":14,"type":"if","locations":[{"start":{"line":14,"column":4},"end":{"line":14,"column":4}},{"start":{"line":14,"column":4},"end":{"line":14,"column":4}}]},"7":{"line":19,"type":"if","locations":[{"start":{"line":19,"column":0},"end":{"line":19,"column":0}},{"start":{"line":19,"column":0},"end":{"line":19,"column":0}}]}}}}